TN:
SF:src\carrinhoCompras.js
FN:2,arredondar
FN:15,(anonymous_1)
FN:22,(anonymous_2)
FN:45,(anonymous_3)
FN:46,(anonymous_4)
FN:54,(anonymous_5)
FN:71,(anonymous_6)
FN:72,(anonymous_7)
FN:76,(anonymous_8)
FN:81,(anonymous_9)
FN:82,(anonymous_10)
FN:86,(anonymous_11)
FN:91,(anonymous_12)
FN:93,(anonymous_13)
FN:100,(anonymous_14)
FN:113,(anonymous_15)
FN:120,(anonymous_16)
FN:126,(anonymous_17)
FN:133,(anonymous_18)
FN:140,(anonymous_19)
FN:141,(anonymous_20)
FN:145,(anonymous_21)
FN:147,(anonymous_22)
FN:153,(anonymous_23)
FN:157,(anonymous_24)
FN:163,(anonymous_25)
FN:171,(anonymous_26)
FN:176,(anonymous_27)
FN:184,(anonymous_28)
FN:189,(anonymous_29)
FNF:30
FNH:30
FNDA:38,arredondar
FNDA:47,(anonymous_1)
FNDA:61,(anonymous_2)
FNDA:3,(anonymous_3)
FNDA:2,(anonymous_4)
FNDA:5,(anonymous_5)
FNDA:63,(anonymous_6)
FNDA:38,(anonymous_7)
FNDA:3,(anonymous_8)
FNDA:4,(anonymous_9)
FNDA:4,(anonymous_10)
FNDA:6,(anonymous_11)
FNDA:25,(anonymous_12)
FNDA:30,(anonymous_13)
FNDA:10,(anonymous_14)
FNDA:1,(anonymous_15)
FNDA:16,(anonymous_16)
FNDA:11,(anonymous_17)
FNDA:4,(anonymous_18)
FNDA:5,(anonymous_19)
FNDA:13,(anonymous_20)
FNDA:2,(anonymous_21)
FNDA:2,(anonymous_22)
FNDA:3,(anonymous_23)
FNDA:8,(anonymous_24)
FNDA:4,(anonymous_25)
FNDA:6,(anonymous_26)
FNDA:1,(anonymous_27)
FNDA:16,(anonymous_28)
FNDA:2,(anonymous_29)
DA:3,38
DA:6,1
DA:12,1
DA:16,47
DA:17,47
DA:18,47
DA:23,61
DA:24,3
DA:26,58
DA:27,4
DA:29,54
DA:30,3
DA:33,51
DA:34,51
DA:35,1
DA:36,1
DA:39,50
DA:40,50
DA:41,50
DA:46,3
DA:47,3
DA:48,1
DA:50,2
DA:55,5
DA:56,5
DA:57,1
DA:59,4
DA:60,2
DA:62,2
DA:63,1
DA:64,1
DA:66,1
DA:67,1
DA:72,63
DA:77,3
DA:82,4
DA:87,6
DA:92,25
DA:93,30
DA:96,25
DA:101,10
DA:102,1
DA:104,9
DA:105,9
DA:106,1
DA:108,8
DA:109,8
DA:114,1
DA:115,1
DA:116,1
DA:121,16
DA:122,9
DA:127,11
DA:128,7
DA:129,7
DA:134,4
DA:141,13
DA:146,2
DA:147,1
DA:148,2
DA:154,3
DA:155,1
DA:157,2
DA:158,8
DA:164,4
DA:165,1
DA:167,3
DA:168,1
DA:170,2
DA:171,6
DA:177,1
DA:178,1
DA:179,1
DA:180,1
DA:185,16
DA:190,2
DA:202,1
LF:77
LH:77
BRDA:15,0,0,46
BRDA:22,1,0,33
BRDA:23,2,0,3
BRDA:23,2,1,58
BRDA:23,3,0,61
BRDA:23,3,1,60
BRDA:26,4,0,4
BRDA:26,4,1,54
BRDA:26,5,0,58
BRDA:26,5,1,57
BRDA:26,5,2,56
BRDA:29,6,0,3
BRDA:29,6,1,51
BRDA:29,7,0,54
BRDA:29,7,1,53
BRDA:34,8,0,1
BRDA:34,8,1,50
BRDA:47,9,0,1
BRDA:47,9,1,2
BRDA:56,10,0,1
BRDA:56,10,1,4
BRDA:59,11,0,2
BRDA:59,11,1,2
BRDA:59,12,0,4
BRDA:59,12,1,3
BRDA:62,13,0,1
BRDA:62,13,1,1
BRDA:72,14,0,63
BRDA:72,14,1,54
BRDA:101,15,0,1
BRDA:101,15,1,9
BRDA:105,16,0,1
BRDA:105,16,1,8
BRDA:121,17,0,7
BRDA:121,17,1,9
BRDA:127,18,0,4
BRDA:127,18,1,7
BRDA:129,19,0,4
BRDA:129,19,1,3
BRDA:146,20,0,1
BRDA:146,20,1,1
BRDA:148,21,0,1
BRDA:148,21,1,1
BRDA:153,22,0,1
BRDA:154,23,0,1
BRDA:154,23,1,2
BRDA:154,24,0,3
BRDA:154,24,1,2
BRDA:158,25,0,4
BRDA:158,25,1,4
BRDA:164,26,0,1
BRDA:164,26,1,3
BRDA:164,27,0,4
BRDA:164,27,1,3
BRDA:167,28,0,1
BRDA:167,28,1,2
BRDA:171,29,0,6
BRDA:171,29,1,3
BRF:58
BRH:58
end_of_record
